TN:
SF:/home/alison/Source/github/react-highcharts/src/components/Atoms/Card.jsx
FN:9,(anonymous_0)
FNF:1
FNH:1
FNDA:4,(anonymous_0)
DA:3,1
DA:9,1
DA:10,4
LF:3
LH:3
BRF:0
BRH:0
end_of_record
TN:
SF:/home/alison/Source/github/react-highcharts/src/components/Atoms/HelloWorld.jsx
FN:3,(anonymous_0)
FNF:1
FNH:1
FNDA:2,(anonymous_0)
DA:3,1
DA:4,2
LF:2
LH:2
BRF:0
BRH:0
end_of_record
TN:
SF:/home/alison/Source/github/react-highcharts/src/components/Mols/ScatterPlotChart.jsx
FN:180,(anonymous_0)
FN:187,(anonymous_1)
FNF:2
FNH:2
FNDA:3,(anonymous_0)
FNDA:5,(anonymous_1)
DA:7,1
DA:181,3
DA:182,3
DA:188,5
DA:190,5
DA:191,3
DA:203,2
LF:7
LH:7
BRDA:39,0,0,1
BRDA:39,0,1,0
BRDA:39,0,2,1
BRDA:190,1,0,3
BRDA:190,1,1,2
BRF:5
BRH:4
end_of_record
TN:
SF:/home/alison/Source/github/react-highcharts/src/components/Pages/Index.jsx
FN:6,(anonymous_0)
FNF:1
FNH:1
FNDA:1,(anonymous_0)
DA:6,1
DA:7,1
LF:2
LH:2
BRF:0
BRH:0
end_of_record
